::1 - - [07/Sep/2020:15:58:18 +0000] "GET /goals HTTP/1.1" 304 - "http://localhost:3000/" "Mozilla/5.0 (Macintosh; Intel Mac OS X 10_15_6) AppleWebKit/537.36 (KHTML, like Gecko) Chrome/85.0.4183.83 Safari/537.36"
::1 - - [07/Sep/2020:15:59:11 +0000] "GET /goals HTTP/1.1" 304 - "http://localhost:3000/" "Mozilla/5.0 (Macintosh; Intel Mac OS X 10_15_6) AppleWebKit/537.36 (KHTML, like Gecko) Chrome/85.0.4183.83 Safari/537.36"
::1 - - [07/Sep/2020:15:59:41 +0000] "GET /goals HTTP/1.1" 304 - "http://localhost:3000/" "Mozilla/5.0 (Macintosh; Intel Mac OS X 10_15_6) AppleWebKit/537.36 (KHTML, like Gecko) Chrome/85.0.4183.83 Safari/537.36"
::1 - - [07/Sep/2020:16:01:10 +0000] "OPTIONS /goals HTTP/1.1" 200 13 "http://localhost:3000/" "Mozilla/5.0 (Macintosh; Intel Mac OS X 10_15_6) AppleWebKit/537.36 (KHTML, like Gecko) Chrome/85.0.4183.83 Safari/537.36"
::1 - - [07/Sep/2020:16:01:10 +0000] "POST /goals HTTP/1.1" 201 88 "http://localhost:3000/" "Mozilla/5.0 (Macintosh; Intel Mac OS X 10_15_6) AppleWebKit/537.36 (KHTML, like Gecko) Chrome/85.0.4183.83 Safari/537.36"
::1 - - [07/Sep/2020:16:01:11 +0000] "GET /goals HTTP/1.1" 200 68 "http://localhost:3000/" "Mozilla/5.0 (Macintosh; Intel Mac OS X 10_15_6) AppleWebKit/537.36 (KHTML, like Gecko) Chrome/85.0.4183.83 Safari/537.36"
::1 - - [07/Sep/2020:16:01:17 +0000] "OPTIONS /goals HTTP/1.1" 200 13 "http://localhost:3000/" "Mozilla/5.0 (Macintosh; Intel Mac OS X 10_15_6) AppleWebKit/537.36 (KHTML, like Gecko) Chrome/85.0.4183.83 Safari/537.36"
::1 - - [07/Sep/2020:16:01:17 +0000] "POST /goals HTTP/1.1" 201 97 "http://localhost:3000/" "Mozilla/5.0 (Macintosh; Intel Mac OS X 10_15_6) AppleWebKit/537.36 (KHTML, like Gecko) Chrome/85.0.4183.83 Safari/537.36"
::1 - - [07/Sep/2020:16:01:21 +0000] "OPTIONS /goals/5f565946d34d141774eb643f HTTP/1.1" 200 6 "http://localhost:3000/" "Mozilla/5.0 (Macintosh; Intel Mac OS X 10_15_6) AppleWebKit/537.36 (KHTML, like Gecko) Chrome/85.0.4183.83 Safari/537.36"
::1 - - [07/Sep/2020:16:01:21 +0000] "DELETE /goals/5f565946d34d141774eb643f HTTP/1.1" 200 27 "http://localhost:3000/" "Mozilla/5.0 (Macintosh; Intel Mac OS X 10_15_6) AppleWebKit/537.36 (KHTML, like Gecko) Chrome/85.0.4183.83 Safari/537.36"
::1 - - [07/Sep/2020:16:01:21 +0000] "OPTIONS /goals/5f56594dd34d141774eb6440 HTTP/1.1" 200 6 "http://localhost:3000/" "Mozilla/5.0 (Macintosh; Intel Mac OS X 10_15_6) AppleWebKit/537.36 (KHTML, like Gecko) Chrome/85.0.4183.83 Safari/537.36"
::1 - - [07/Sep/2020:16:01:21 +0000] "DELETE /goals/5f56594dd34d141774eb6440 HTTP/1.1" 200 27 "http://localhost:3000/" "Mozilla/5.0 (Macintosh; Intel Mac OS X 10_15_6) AppleWebKit/537.36 (KHTML, like Gecko) Chrome/85.0.4183.83 Safari/537.36"
::1 - - [07/Sep/2020:16:01:33 +0000] "GET /goals HTTP/1.1" 200 12 "http://localhost:3000/" "Mozilla/5.0 (Macintosh; Intel Mac OS X 10_15_6) AppleWebKit/537.36 (KHTML, like Gecko) Chrome/85.0.4183.83 Safari/537.36"
::1 - - [07/Sep/2020:16:01:35 +0000] "OPTIONS /goals HTTP/1.1" 200 13 "http://localhost:3000/" "Mozilla/5.0 (Macintosh; Intel Mac OS X 10_15_6) AppleWebKit/537.36 (KHTML, like Gecko) Chrome/85.0.4183.83 Safari/537.36"
::1 - - [07/Sep/2020:16:01:35 +0000] "POST /goals HTTP/1.1" 201 88 "http://localhost:3000/" "Mozilla/5.0 (Macintosh; Intel Mac OS X 10_15_6) AppleWebKit/537.36 (KHTML, like Gecko) Chrome/85.0.4183.83 Safari/537.36"
::1 - - [07/Sep/2020:16:01:39 +0000] "OPTIONS /goals/5f56595fd34d141774eb6441 HTTP/1.1" 200 6 "http://localhost:3000/" "Mozilla/5.0 (Macintosh; Intel Mac OS X 10_15_6) AppleWebKit/537.36 (KHTML, like Gecko) Chrome/85.0.4183.83 Safari/537.36"
::1 - - [07/Sep/2020:16:01:39 +0000] "DELETE /goals/5f56595fd34d141774eb6441 HTTP/1.1" 200 27 "http://localhost:3000/" "Mozilla/5.0 (Macintosh; Intel Mac OS X 10_15_6) AppleWebKit/537.36 (KHTML, like Gecko) Chrome/85.0.4183.83 Safari/537.36"
::1 - - [03/Mar/2024:02:57:42 +0000] "GET /goals HTTP/1.1" 200 12 "-" "PostmanRuntime/7.36.3"
::1 - - [03/Mar/2024:02:59:38 +0000] "POST /goals HTTP/1.1" 201 102 "-" "PostmanRuntime/7.36.3"
::1 - - [03/Mar/2024:02:59:42 +0000] "GET /goals HTTP/1.1" 200 82 "-" "PostmanRuntime/7.36.3"
::1 - - [03/Mar/2024:03:01:43 +0000] "DELETE /goals/65e3e79a3bd62af4e61f74f0 HTTP/1.1" 200 27 "-" "PostmanRuntime/7.36.3"
::1 - - [03/Mar/2024:03:01:48 +0000] "GET /goals HTTP/1.1" 200 12 "-" "PostmanRuntime/7.36.3"
::1 - - [03/Mar/2024:03:01:52 +0000] "POST /goals HTTP/1.1" 201 102 "-" "PostmanRuntime/7.36.3"
::1 - - [03/Mar/2024:03:02:14 +0000] "POST /goals HTTP/1.1" 201 113 "-" "PostmanRuntime/7.36.3"
::1 - - [03/Mar/2024:03:02:16 +0000] "GET /goals HTTP/1.1" 200 164 "-" "PostmanRuntime/7.36.3"
